<?xml version="1.0" encoding="UTF-8"?>
<!-- Generated by org.testng.reporters.JUnitReportReporter -->
<testsuite hostname="niaz-Latitude-E5450" failures="0" tests="1" name="com.baseDriver.BaseDriver" time="33.355" errors="0" timestamp="2025-08-30T16:57:04 BDT" skipped="0">
  <testcase classname="com.baseDriver.BaseDriver" name="setUpDriver" time="33.355"/>
</testsuite> <!-- com.baseDriver.BaseDriver -->
