<?xml version="1.0" encoding="UTF-8"?>
<!-- Generated by org.testng.reporters.JUnitReportReporter -->
<testsuite hostname="niaz-Latitude-E5450" failures="0" tests="3" name="com.test.LoginTest" time="19.480" errors="0" timestamp="2025-09-02T02:16:44 BDT" skipped="0">
  <testcase classname="com.test.LoginTest" name="loginTest" time="6.483"/>
  <testcase classname="com.test.LoginTest" name="loginTest" time="6.411"/>
  <testcase classname="com.test.LoginTest" name="loginTest" time="6.586"/>
</testsuite> <!-- com.test.LoginTest -->
