<?xml version="1.0" encoding="UTF-8"?>
<!-- Generated by org.testng.reporters.JUnitReportReporter -->
<testsuite hostname="niaz-Latitude-E5450" failures="0" tests="1" name="com.test.LoginTest" time="7.041" errors="0" timestamp="2025-09-02T01:13:45 BDT" skipped="0">
  <testcase classname="com.test.LoginTest" name="loginTest" time="7.041"/>
</testsuite> <!-- com.test.LoginTest -->
